-------------------------------------------------------------------------------
Test set: controller.UserControllerTest
-------------------------------------------------------------------------------
Tests run: 1, Failures: 0, Errors: 1, Skipped: 0, Time elapsed: 0.001 s <<< FAILURE! - in controller.UserControllerTest
initializationError  Time elapsed: 0 s  <<< ERROR!
java.lang.ArrayStoreException: sun.reflect.annotation.TypeNotPresentExceptionProxy

