-------------------------------------------------------------------------------
Test set: MedicMagic.userGoal.service.UserGoalServiceTest
-------------------------------------------------------------------------------
Tests run: 1, Failures: 0, Errors: 1, Skipped: 0, Time elapsed: 0.027 s <<< FAILURE! - in MedicMagic.userGoal.service.UserGoalServiceTest
readOnlyTransactionAttribute  Time elapsed: 0 s  <<< ERROR!
java.lang.NoClassDefFoundError: org/springframework/core/ErrorCoded
Caused by: java.lang.ClassNotFoundException: org.springframework.core.ErrorCoded

